[debug] [2022-03-26T15:38:10.373Z] ----------------------------------------------------------------------
[debug] [2022-03-26T15:38:10.377Z] Command:       C:\Program Files\nodejs\node.exe C:\Users\mintu\AppData\Roaming\npm\node_modules\firebase-tools\lib\bin\firebase.js deploy
[debug] [2022-03-26T15:38:10.378Z] CLI Version:   10.2.0
[debug] [2022-03-26T15:38:10.378Z] Platform:      win32
[debug] [2022-03-26T15:38:10.378Z] Node Version:  v16.13.1
[debug] [2022-03-26T15:38:10.380Z] Time:          Sat Mar 26 2022 21:08:10 GMT+0530 (India Standard Time)
[debug] [2022-03-26T15:38:10.381Z] ----------------------------------------------------------------------
[debug] 
[debug] [2022-03-26T15:38:10.390Z] >>> [apiv2][query] GET https://firebase-public.firebaseio.com/cli.json [none]
[debug] [2022-03-26T15:38:10.560Z] > command requires scopes: ["email","openid","https://www.googleapis.com/auth/cloudplatformprojects.readonly","https://www.googleapis.com/auth/firebase","https://www.googleapis.com/auth/cloud-platform"]
[debug] [2022-03-26T15:38:10.561Z] > authorizing via signed-in user (esummit.web@gmail.com)
[debug] [2022-03-26T15:38:10.563Z] [iam] checking project bitbang2022 for permissions ["firebase.projects.get","firebasehosting.sites.update"]
[debug] [2022-03-26T15:38:10.565Z] > refreshing access token with scopes: []
[debug] [2022-03-26T15:38:10.566Z] >>> HTTP REQUEST POST https://www.googleapis.com/oauth2/v3/token  
 <request body omitted>
[debug] [2022-03-26T15:38:14.594Z] <<< HTTP RESPONSE 200 {"expires":"Mon, 01 Jan 1990 00:00:00 GMT","pragma":"no-cache","cache-control":"no-cache, no-store, max-age=0, must-revalidate","date":"Sat, 26 Mar 2022 15:38:15 GMT","content-type":"application/json; charset=utf-8","vary":"X-Origin, Referer, Origin,Accept-Encoding","server":"scaffolding on HTTPServer2","x-xss-protection":"0","x-frame-options":"SAMEORIGIN","x-content-type-options":"nosniff","alt-svc":"h3=\":443\"; ma=2592000,h3-29=\":443\"; ma=2592000,h3-Q050=\":443\"; ma=2592000,h3-Q046=\":443\"; ma=2592000,h3-Q043=\":443\"; ma=2592000,quic=\":443\"; ma=2592000; v=\"46,43\"","accept-ranges":"none","transfer-encoding":"chunked"}
[debug] [2022-03-26T15:38:14.617Z] >>> [apiv2][query] POST https://cloudresourcemanager.googleapis.com/v1/projects/bitbang2022:testIamPermissions [none]
[debug] [2022-03-26T15:38:14.618Z] >>> [apiv2][body] POST https://cloudresourcemanager.googleapis.com/v1/projects/bitbang2022:testIamPermissions {"permissions":["firebase.projects.get","firebasehosting.sites.update"]}
[debug] [2022-03-26T15:38:15.399Z] <<< [apiv2][status] GET https://firebase-public.firebaseio.com/cli.json 200
[debug] [2022-03-26T15:38:15.399Z] <<< [apiv2][body] GET https://firebase-public.firebaseio.com/cli.json {"cloudBuildErrorAfter":1594252800000,"cloudBuildWarnAfter":1590019200000,"defaultNode10After":1594252800000,"minVersion":"3.0.5","node8DeploysDisabledAfter":1613390400000,"node8RuntimeDisabledAfter":1615809600000,"node8WarnAfter":1600128000000}
[debug] [2022-03-26T15:38:19.874Z] <<< [apiv2][status] POST https://cloudresourcemanager.googleapis.com/v1/projects/bitbang2022:testIamPermissions 200
[debug] [2022-03-26T15:38:19.875Z] <<< [apiv2][body] POST https://cloudresourcemanager.googleapis.com/v1/projects/bitbang2022:testIamPermissions {"permissions":["firebase.projects.get","firebasehosting.sites.update"]}
[debug] [2022-03-26T15:38:19.879Z] >>> [apiv2][query] GET https://firebase.googleapis.com/v1beta1/projects/bitbang2022 [none]
[debug] [2022-03-26T15:38:25.818Z] <<< [apiv2][status] GET https://firebase.googleapis.com/v1beta1/projects/bitbang2022 200
[debug] [2022-03-26T15:38:25.818Z] <<< [apiv2][body] GET https://firebase.googleapis.com/v1beta1/projects/bitbang2022 {"projectId":"bitbang2022","projectNumber":"151195052671","displayName":"BitBang","name":"projects/bitbang2022","resources":{"hostingSite":"bitbang2022","storageBucket":"bitbang2022.appspot.com","locationId":"us-central"},"state":"ACTIVE"}
[info] 
[info] === Deploying to 'bitbang2022'...
[info] 
[info] i  deploying hosting 
[debug] [2022-03-26T15:38:25.828Z] > refreshing access token with scopes: ["email","https://www.googleapis.com/auth/cloud-platform","https://www.googleapis.com/auth/cloudplatformprojects.readonly","https://www.googleapis.com/auth/firebase","openid"]
[debug] [2022-03-26T15:38:25.828Z] >>> HTTP REQUEST POST https://www.googleapis.com/oauth2/v3/token  
 <request body omitted>
